<?xml version="1.0" encoding="UTF-8"?>
<!-- Generated by org.testng.reporters.JUnitXMLReporter -->
<testsuite hostname="aniketpa-w8" ignored="0" name="Test" tests="4" failures="1" timestamp="28 Feb 2018 07:28:37 GMT" time="36.223" errors="0">
  <testcase name="_doContact" time="0.013" classname="com.mercury.Testcases.MainPageTests">
    <failure type="java.lang.NullPointerException">
      <![CDATA[java.lang.NullPointerException
at com.mercury.Testcases.MainPageTests._doContact(MainPageTests.java:39)
... Removed 25 stack frames]]>
    </failure>
  </testcase> <!-- _doContact -->
  <testcase name="_doLogin" time="36.171" classname="com.mercury.Testcases.MainPageTests"/>
  <testcase name="_doResgiter" time="0.009" classname="com.mercury.Testcases.MainPageTests"/>
  <testcase name="_doSupport" time="0.0" classname="com.mercury.Testcases.MainPageTests"/>
</testsuite> <!-- Test -->
